  [1m[36m (100.9ms)[0m  [1mCREATE TABLE `schema_migrations` (`version` varchar(255) NOT NULL) ENGINE=InnoDB[0m
  [1m[35m (112.5ms)[0m  CREATE UNIQUE INDEX `unique_schema_migrations`  ON `schema_migrations` (`version`) 
  [1m[36mActiveRecord::SchemaMigration Load (0.3ms)[0m  [1mSELECT `schema_migrations`.* FROM `schema_migrations`[0m
Migrating to CreateUsers (20150530015259)
  [1m[35m (22.5ms)[0m  CREATE TABLE `users` (`id` int(11) auto_increment PRIMARY KEY, `login` varchar(255), `password` varchar(255), `email` varchar(255), `phone` varchar(255), `created_at` datetime, `updated_at` datetime) ENGINE=InnoDB
  [1m[36m (0.1ms)[0m  [1mBEGIN[0m
  [1m[35mSQL (1.8ms)[0m  INSERT INTO `schema_migrations` (`version`) VALUES ('20150530015259')
  [1m[36m (7.7ms)[0m  [1mCOMMIT[0m
  [1m[35mActiveRecord::SchemaMigration Load (0.2ms)[0m  SELECT `schema_migrations`.* FROM `schema_migrations`
  [1m[36mActiveRecord::SchemaMigration Load (0.3ms)[0m  [1mSELECT `schema_migrations`.* FROM `schema_migrations`[0m
Migrating to CreateCategories (20150530015714)
  [1m[36mActiveRecord::SchemaMigration Load (1.5ms)[0m  [1mSELECT `schema_migrations`.* FROM `schema_migrations`[0m
Migrating to CreateCategories (20150530020952)
  [1m[35m (22.9ms)[0m  CREATE TABLE `categories` (`id` int(11) auto_increment PRIMARY KEY, `category_id` int(11), `name` varchar(255), `created_at` datetime, `updated_at` datetime) ENGINE=InnoDB
  [1m[36m (0.1ms)[0m  [1mBEGIN[0m
  [1m[35mSQL (1.1ms)[0m  INSERT INTO `schema_migrations` (`version`) VALUES ('20150530020952')
  [1m[36m (10.3ms)[0m  [1mCOMMIT[0m
Migrating to CreateUsers (20150530021049)
  [1m[35m (0.4ms)[0m  CREATE TABLE `users` (`id` int(11) auto_increment PRIMARY KEY, `user_id` varchar(255), `password` varchar(255), `email` varchar(255), `phone` int(11), `created_at` datetime, `updated_at` datetime) ENGINE=InnoDB
Mysql2::Error: Table 'users' already exists: CREATE TABLE `users` (`id` int(11) auto_increment PRIMARY KEY, `user_id` varchar(255), `password` varchar(255), `email` varchar(255), `phone` int(11), `created_at` datetime, `updated_at` datetime) ENGINE=InnoDB
  [1m[36mActiveRecord::SchemaMigration Load (0.3ms)[0m  [1mSELECT `schema_migrations`.* FROM `schema_migrations`[0m
Migrating to CreateUsers (20150530021049)
  [1m[35m (6.7ms)[0m  CREATE TABLE `users` (`id` int(11) auto_increment PRIMARY KEY, `user_id` varchar(255), `password` varchar(255), `email` varchar(255), `phone` int(11), `created_at` datetime, `updated_at` datetime) ENGINE=InnoDB
  [1m[36m (0.2ms)[0m  [1mBEGIN[0m
  [1m[35mSQL (0.2ms)[0m  INSERT INTO `schema_migrations` (`version`) VALUES ('20150530021049')
  [1m[36m (4.0ms)[0m  [1mCOMMIT[0m
Migrating to CreateDishes (20150530021158)
  [1m[35m (51.7ms)[0m  CREATE TABLE `dishes` (`id` int(11) auto_increment PRIMARY KEY, `dish_id` int(11), `name` varchar(255), `price` decimal, `category_id` int(11), `created_at` datetime, `updated_at` datetime) ENGINE=InnoDB
  [1m[36m (0.1ms)[0m  [1mBEGIN[0m
  [1m[35mSQL (3.9ms)[0m  INSERT INTO `schema_migrations` (`version`) VALUES ('20150530021158')
  [1m[36m (10.8ms)[0m  [1mCOMMIT[0m
Migrating to CreateRestaurants (20150530021308)
  [1m[35m (6.5ms)[0m  CREATE TABLE `restaurants` (`id` int(11) auto_increment PRIMARY KEY, `restaurant_id` int(11), `name` varchar(255), `address` varchar(255), `created_at` datetime, `updated_at` datetime) ENGINE=InnoDB
  [1m[36m (0.3ms)[0m  [1mBEGIN[0m
  [1m[35mSQL (4.5ms)[0m  INSERT INTO `schema_migrations` (`version`) VALUES ('20150530021308')
  [1m[36m (10.3ms)[0m  [1mCOMMIT[0m
Migrating to CreateMenus (20150530021705)
  [1m[35m (23.1ms)[0m  CREATE TABLE `menus` (`id` int(11) auto_increment PRIMARY KEY, `menu_id` varchar(255), `dish_id` int(11), `total` int(11), `price` decimal, `restaurant_id` int(11), `created_at` datetime, `updated_at` datetime) ENGINE=InnoDB
  [1m[36m (0.1ms)[0m  [1mBEGIN[0m
  [1m[35mSQL (4.1ms)[0m  INSERT INTO `schema_migrations` (`version`) VALUES ('20150530021705')
  [1m[36m (14.4ms)[0m  [1mCOMMIT[0m
Migrating to CreateOrders (20150530021746)
  [1m[35m (22.8ms)[0m  CREATE TABLE `orders` (`id` int(11) auto_increment PRIMARY KEY, `order_id` varchar(255), `menu_id` varchar(255), `price` decimal, `created_at` datetime, `updated_at` datetime) ENGINE=InnoDB
  [1m[36m (0.2ms)[0m  [1mBEGIN[0m
  [1m[35mSQL (3.7ms)[0m  INSERT INTO `schema_migrations` (`version`) VALUES ('20150530021746')
  [1m[36m (11.0ms)[0m  [1mCOMMIT[0m
  [1m[35mActiveRecord::SchemaMigration Load (0.2ms)[0m  SELECT `schema_migrations`.* FROM `schema_migrations`
